  [4;36;1mSQL (0.1ms)[0m   [0;1mSET SQL_AUTO_IS_NULL=0[0m
  [4;35;1mSQL (13.5ms)[0m   [0mSHOW TABLES[0m
  [4;36;1mSQL (501.0ms)[0m   [0;1mCREATE TABLE `schema_migrations` (`version` varchar(255) NOT NULL) ENGINE=InnoDB[0m
  [4;35;1mSQL (1.7ms)[0m   [0mSHOW KEYS FROM `schema_migrations`[0m
  [4;36;1mSQL (416.6ms)[0m   [0;1mCREATE UNIQUE INDEX `unique_schema_migrations` ON `schema_migrations` (`version`)[0m
  [4;35;1mSQL (13.9ms)[0m   [0mSHOW TABLES[0m
  [4;36;1mSQL (26.0ms)[0m   [0;1mSELECT version FROM schema_migrations[0m
Migrating to CreateProjects (20110918210604)
  [4;35;1mSQL (144.8ms)[0m   [0mCREATE TABLE `projects` (`id` int(11) DEFAULT NULL auto_increment PRIMARY KEY, `name` varchar(255), `description` varchar(255), `created_at` datetime, `updated_at` datetime) ENGINE=InnoDB[0m
  [4;36;1mSQL (44.0ms)[0m   [0;1mINSERT INTO schema_migrations (version) VALUES ('20110918210604')[0m
Migrating to CreateTasks (20110918210654)
  [4;35;1mSQL (262.8ms)[0m   [0mCREATE TABLE `tasks` (`id` int(11) DEFAULT NULL auto_increment PRIMARY KEY, `project_id` int(11), `description` varchar(255), `created_at` datetime, `updated_at` datetime) ENGINE=InnoDB[0m
  [4;36;1mSQL (44.0ms)[0m   [0;1mINSERT INTO schema_migrations (version) VALUES ('20110918210654')[0m
  [4;35;1mSQL (0.9ms)[0m   [0mSHOW TABLES[0m
  [4;36;1mSQL (0.6ms)[0m   [0;1mSELECT version FROM schema_migrations[0m
  [4;35;1mSQL (0.7ms)[0m   [0mSHOW TABLES[0m
  [4;36;1mSQL (65.2ms)[0m   [0;1mSHOW FIELDS FROM `projects`[0m
  [4;35;1mSQL (2.0ms)[0m   [0mdescribe `projects`[0m
  [4;36;1mSQL (0.9ms)[0m   [0;1mSHOW KEYS FROM `projects`[0m
  [4;35;1mSQL (2.0ms)[0m   [0mSHOW FIELDS FROM `tasks`[0m
  [4;36;1mSQL (1.5ms)[0m   [0;1mdescribe `tasks`[0m
  [4;35;1mSQL (1.1ms)[0m   [0mSHOW KEYS FROM `tasks`[0m
  [4;36;1mSQL (0.3ms)[0m   [0;1mSET SQL_AUTO_IS_NULL=0[0m
  [4;36;1mSQL (0.4ms)[0m   [0;1mSET SQL_AUTO_IS_NULL=0[0m
  [4;35;1mTask Columns (1.4ms)[0m   [0mSHOW FIELDS FROM `tasks`[0m
  [4;36;1mTask Load (125.7ms)[0m   [0;1mSELECT * FROM `tasks` WHERE (`tasks`.`id` = 1) [0m
  [4;35;1mTask Load (0.3ms)[0m   [0mSELECT * FROM `tasks` WHERE (`tasks`.`id` = 1) [0m
  [4;36;1mProject Columns (1.0ms)[0m   [0;1mSHOW FIELDS FROM `projects`[0m
  [4;35;1mProject Load (0.4ms)[0m   [0mSELECT * FROM `projects` WHERE (`projects`.`id` = 1) [0m
  [4;36;1mProject Load (0.3ms)[0m   [0;1mSELECT * FROM `projects` WHERE (`projects`.`id` = 1) [0m
  [4;35;1mProject Load (0.4ms)[0m   [0mSELECT * FROM `projects` WHERE (`projects`.`id` = 1) [0m
  [4;36;1mSQL (0.1ms)[0m   [0;1mSET SQL_AUTO_IS_NULL=0[0m
  [4;35;1mProject Columns (0.9ms)[0m   [0mSHOW FIELDS FROM `projects`[0m
  [4;36;1mProject Load (0.2ms)[0m   [0;1mSELECT * FROM `projects` WHERE (`projects`.`id` = 1) [0m
  [4;35;1mProject Load (2.3ms)[0m   [0mSELECT * FROM `projects` WHERE (`projects`.`id` = 1) [0m
  [4;36;1mTask Load (2.1ms)[0m   [0;1mSELECT * FROM `tasks` WHERE (`tasks`.project_id = 1) [0m
  [4;35;1mTask Columns (6.6ms)[0m   [0mSHOW FIELDS FROM `tasks`[0m
  [4;36;1mProject Load (0.8ms)[0m   [0;1mSELECT * FROM `projects` WHERE (`projects`.`id` = 1) [0m
  [4;36;1mSQL (0.3ms)[0m   [0;1mSET SQL_AUTO_IS_NULL=0[0m
  [4;35;1mTask Load (24.4ms)[0m   [0mSELECT * FROM `tasks` LIMIT 1[0m
  [4;36;1mTask Columns (76.1ms)[0m   [0;1mSHOW FIELDS FROM `tasks`[0m
  [4;36;1mSQL (0.3ms)[0m   [0;1mSET SQL_AUTO_IS_NULL=0[0m
  [4;35;1mTask Load (0.4ms)[0m   [0mSELECT * FROM `tasks` LIMIT 1[0m
  [4;36;1mTask Columns (4.9ms)[0m   [0;1mSHOW FIELDS FROM `tasks`[0m
  [4;36;1mSQL (166.4ms)[0m   [0;1mSET SQL_AUTO_IS_NULL=0[0m
  [4;35;1mSQL (259.2ms)[0m   [0mSHOW TABLES[0m
  [4;36;1mSQL (515.6ms)[0m   [0;1mSELECT * FROM projects[0m
  [4;35;1mSQL (83.9ms)[0m   [0mSELECT * FROM schema_migrations[0m
  [4;36;1mSQL (12.6ms)[0m   [0;1mSELECT * FROM tasks[0m
  [4;36;1mSQL (337.0ms)[0m   [0;1mSET SQL_AUTO_IS_NULL=0[0m
  [4;36;1mSQL (0.1ms)[0m   [0;1mSET SQL_AUTO_IS_NULL=0[0m
  [4;35;1mSQL (56.9ms)[0m   [0mSHOW TABLES[0m
  [4;36;1mSQL (25.3ms)[0m   [0;1mSELECT version FROM schema_migrations[0m
Migrating to CreateProjects (20110918210604)
Migrating to CreateTasks (20110918210654)
Migrating to AddCompleteToTask (20110924212400)
  [4;36;1mSQL (0.1ms)[0m   [0;1mSET SQL_AUTO_IS_NULL=0[0m
  [4;35;1mSQL (0.4ms)[0m   [0mSHOW TABLES[0m
  [4;36;1mSQL (0.1ms)[0m   [0;1mSELECT version FROM schema_migrations[0m
Migrating to CreateProjects (20110918210604)
Migrating to CreateTasks (20110918210654)
Migrating to AddCompleteToTask (20110924212400)
  [4;36;1mSQL (0.1ms)[0m   [0;1mSET SQL_AUTO_IS_NULL=0[0m
  [4;35;1mSQL (0.4ms)[0m   [0mSHOW TABLES[0m
  [4;36;1mSQL (0.1ms)[0m   [0;1mSELECT version FROM schema_migrations[0m
Migrating to CreateProjects (20110918210604)
Migrating to CreateTasks (20110918210654)
Migrating to AddCompleteToTask (20110924212400)
  [4;35;1mSQL (676.3ms)[0m   [0mALTER TABLE `tasks` ADD `is_complete` tinyint(1) DEFAULT 0[0m
  [4;36;1mSQL (83.0ms)[0m   [0;1mINSERT INTO schema_migrations (version) VALUES ('20110924212400')[0m
  [4;35;1mSQL (0.9ms)[0m   [0mSHOW TABLES[0m
  [4;36;1mSQL (0.6ms)[0m   [0;1mSELECT version FROM schema_migrations[0m
  [4;35;1mSQL (0.7ms)[0m   [0mSHOW TABLES[0m
  [4;36;1mSQL (1.8ms)[0m   [0;1mSHOW FIELDS FROM `projects`[0m
  [4;35;1mSQL (1.8ms)[0m   [0mdescribe `projects`[0m
  [4;36;1mSQL (0.9ms)[0m   [0;1mSHOW KEYS FROM `projects`[0m
  [4;35;1mSQL (3.2ms)[0m   [0mSHOW FIELDS FROM `tasks`[0m
  [4;36;1mSQL (2.0ms)[0m   [0;1mdescribe `tasks`[0m
  [4;35;1mSQL (0.8ms)[0m   [0mSHOW KEYS FROM `tasks`[0m
  [4;36;1mSQL (216.8ms)[0m   [0;1mSET SQL_AUTO_IS_NULL=0[0m


Processing ApplicationController#index (for 127.0.0.1 at 2011-09-26 23:10:53) [GET]

ActionController::RoutingError (No route matches "/" with {:method=>:get}):
  /home/stan/.rvm/rubies/ruby-1.8.7-p334/lib/ruby/1.8/webrick/httpserver.rb:104:in `service'
  /home/stan/.rvm/rubies/ruby-1.8.7-p334/lib/ruby/1.8/webrick/httpserver.rb:65:in `run'
  /home/stan/.rvm/rubies/ruby-1.8.7-p334/lib/ruby/1.8/webrick/server.rb:173:in `start_thread'
  /home/stan/.rvm/rubies/ruby-1.8.7-p334/lib/ruby/1.8/webrick/server.rb:162:in `start'
  /home/stan/.rvm/rubies/ruby-1.8.7-p334/lib/ruby/1.8/webrick/server.rb:162:in `start_thread'
  /home/stan/.rvm/rubies/ruby-1.8.7-p334/lib/ruby/1.8/webrick/server.rb:95:in `start'
  /home/stan/.rvm/rubies/ruby-1.8.7-p334/lib/ruby/1.8/webrick/server.rb:92:in `each'
  /home/stan/.rvm/rubies/ruby-1.8.7-p334/lib/ruby/1.8/webrick/server.rb:92:in `start'
  /home/stan/.rvm/rubies/ruby-1.8.7-p334/lib/ruby/1.8/webrick/server.rb:23:in `start'
  /home/stan/.rvm/rubies/ruby-1.8.7-p334/lib/ruby/1.8/webrick/server.rb:82:in `start'

Rendering rescues/layout (not_found)
  [4;35;1mSQL (0.2ms)[0m   [0mSET SQL_AUTO_IS_NULL=0[0m


Processing ProjectsController#index (for 127.0.0.1 at 2011-09-26 23:11:23) [GET]
  [4;36;1mProject Load (466.8ms)[0m   [0;1mSELECT * FROM `projects` [0m
Rendering template within layouts/projects
Rendering projects/index
  [4;35;1mProject Columns (169.1ms)[0m   [0mSHOW FIELDS FROM `projects`[0m
Completed in 1082ms (View: 311, DB: 636) | 200 OK [http://127.0.0.1/]
  [4;36;1mSQL (0.2ms)[0m   [0;1mSET SQL_AUTO_IS_NULL=0[0m


Processing ProjectsController#index (for 127.0.0.1 at 2011-09-26 23:13:57) [GET]
  [4;35;1mProject Load (0.2ms)[0m   [0mSELECT * FROM `projects` [0m
Rendering template within layouts/projects
Rendering projects/index
  [4;36;1mProject Columns (13.4ms)[0m   [0;1mSHOW FIELDS FROM `projects`[0m
Completed in 42ms (View: 20, DB: 14) | 200 OK [http://127.0.0.1/]
  [4;35;1mSQL (0.1ms)[0m   [0mSET SQL_AUTO_IS_NULL=0[0m


Processing ApplicationController#index (for 127.0.0.1 at 2011-09-26 23:13:58) [GET]

ActionController::RoutingError (No route matches "/stylesheets/projects.css" with {:method=>:get}):
  /home/stan/.rvm/rubies/ruby-1.8.7-p334/lib/ruby/1.8/webrick/httpserver.rb:104:in `service'
  /home/stan/.rvm/rubies/ruby-1.8.7-p334/lib/ruby/1.8/webrick/httpserver.rb:65:in `run'
  /home/stan/.rvm/rubies/ruby-1.8.7-p334/lib/ruby/1.8/webrick/server.rb:173:in `start_thread'
  /home/stan/.rvm/rubies/ruby-1.8.7-p334/lib/ruby/1.8/webrick/server.rb:162:in `start'
  /home/stan/.rvm/rubies/ruby-1.8.7-p334/lib/ruby/1.8/webrick/server.rb:162:in `start_thread'
  /home/stan/.rvm/rubies/ruby-1.8.7-p334/lib/ruby/1.8/webrick/server.rb:95:in `start'
  /home/stan/.rvm/rubies/ruby-1.8.7-p334/lib/ruby/1.8/webrick/server.rb:92:in `each'
  /home/stan/.rvm/rubies/ruby-1.8.7-p334/lib/ruby/1.8/webrick/server.rb:92:in `start'
  /home/stan/.rvm/rubies/ruby-1.8.7-p334/lib/ruby/1.8/webrick/server.rb:23:in `start'
  /home/stan/.rvm/rubies/ruby-1.8.7-p334/lib/ruby/1.8/webrick/server.rb:82:in `start'

Rendering rescues/layout (not_found)
